<?xml version="1.0" encoding="UTF-8"?>
<!-- Generated by org.testng.reporters.JUnitXMLReporter -->
<testsuite hostname="MS-20170527WBQB" name="Default test" tests="1" failures="1" timestamp="7 Jul 2017 12:18:51 GMT" time="203.009" errors="0">
  <testcase name="firstDemo" time="189.278" classname="testAppium.testcase3">
    <failure type="org.openqa.selenium.TimeoutException" message="Timed out after 120 seconds waiting for presence of element located by: By.name: 备份报告
Build info: version: &amp;apos;2.50.1&amp;apos;, revision: &amp;apos;d7fc91b&amp;apos;, time: &amp;apos;2016-01-29 19:08:26&amp;apos;
System info: host: &amp;apos;MS-20170527WBQB&amp;apos;, ip: &amp;apos;192.168.3.66&amp;apos;, os.name: &amp;apos;Windows 7&amp;apos;, os.arch: &amp;apos;x86&amp;apos;, os.version: &amp;apos;6.1&amp;apos;, java.version: &amp;apos;1.7.0_80&amp;apos;
Session ID: 9c72e8a9-018b-44e4-8cbb-b4280653f1e9
Driver info: io.appium.java_client.android.AndroidDriver
Capabilities [{platform=LINUX, app=E:\eclipse\workspace\HelloAppium\app\Album_netease.apk, javascriptEnabled=true, browserName=Android, networkConnectionEnabled=true, udid=SGSO5HRCINJ77T5L, desired={app=E:\eclipse\workspace\HelloAppium\app\Album_netease.apk, platformVersion=6.0, deviceName=Nexus, platformName=Android, unicodeKeyboard=true, resetKeyboard=true, udid=SGSO5HRCINJ77T5L}, locationContextEnabled=false, platformVersion=6.0, databaseEnabled=false, deviceName=SGSO5HRCINJ77T5L, platformName=Android, webStorageEnabled=false, unicodeKeyboard=true, resetKeyboard=true, warnings={}, takesScreenshot=true}]">
      <![CDATA[org.openqa.selenium.TimeoutException: Timed out after 120 seconds waiting for presence of element located by: By.name: 备份报告
Build info: version: '2.50.1', revision: 'd7fc91b', time: '2016-01-29 19:08:26'
System info: host: 'MS-20170527WBQB', ip: '192.168.3.66', os.name: 'Windows 7', os.arch: 'x86', os.version: '6.1', java.version: '1.7.0_80'
Session ID: 9c72e8a9-018b-44e4-8cbb-b4280653f1e9
Driver info: io.appium.java_client.android.AndroidDriver
Capabilities [{platform=LINUX, app=E:\eclipse\workspace\HelloAppium\app\Album_netease.apk, javascriptEnabled=true, browserName=Android, networkConnectionEnabled=true, udid=SGSO5HRCINJ77T5L, desired={app=E:\eclipse\workspace\HelloAppium\app\Album_netease.apk, platformVersion=6.0, deviceName=Nexus, platformName=Android, unicodeKeyboard=true, resetKeyboard=true, udid=SGSO5HRCINJ77T5L}, locationContextEnabled=false, platformVersion=6.0, databaseEnabled=false, deviceName=SGSO5HRCINJ77T5L, platformName=Android, webStorageEnabled=false, unicodeKeyboard=true, resetKeyboard=true, warnings={}, takesScreenshot=true}]
	at org.openqa.selenium.support.ui.WebDriverWait.timeoutException(WebDriverWait.java:80)
	at org.openqa.selenium.support.ui.FluentWait.until(FluentWait.java:261)
	at testAppium.testcase3.firstDemo(testcase3.java:128)
	at sun.reflect.NativeMethodAccessorImpl.invoke0(Native Method)
	at sun.reflect.NativeMethodAccessorImpl.invoke(Unknown Source)
	at sun.reflect.DelegatingMethodAccessorImpl.invoke(Unknown Source)
	at java.lang.reflect.Method.invoke(Unknown Source)
	at org.testng.internal.MethodInvocationHelper.invokeMethod(MethodInvocationHelper.java:85)
	at org.testng.internal.Invoker.invokeMethod(Invoker.java:639)
	at org.testng.internal.Invoker.invokeTestMethod(Invoker.java:816)
	at org.testng.internal.Invoker.invokeTestMethods(Invoker.java:1124)
	at org.testng.internal.TestMethodWorker.invokeTestMethods(TestMethodWorker.java:125)
	at org.testng.internal.TestMethodWorker.run(TestMethodWorker.java:108)
	at org.testng.TestRunner.privateRun(TestRunner.java:774)
	at org.testng.TestRunner.run(TestRunner.java:624)
	at org.testng.SuiteRunner.runTest(SuiteRunner.java:359)
	at org.testng.SuiteRunner.runSequentially(SuiteRunner.java:354)
	at org.testng.SuiteRunner.privateRun(SuiteRunner.java:312)
	at org.testng.SuiteRunner.run(SuiteRunner.java:261)
	at org.testng.SuiteRunnerWorker.runSuite(SuiteRunnerWorker.java:52)
	at org.testng.SuiteRunnerWorker.run(SuiteRunnerWorker.java:86)
	at org.testng.TestNG.runSuitesSequentially(TestNG.java:1215)
	at org.testng.TestNG.runSuitesLocally(TestNG.java:1140)
	at org.testng.TestNG.run(TestNG.java:1048)
	at org.testng.remote.AbstractRemoteTestNG.run(AbstractRemoteTestNG.java:132)
	at org.testng.remote.RemoteTestNG.initAndRun(RemoteTestNG.java:230)
	at org.testng.remote.RemoteTestNG.main(RemoteTestNG.java:76)
Caused by: org.openqa.selenium.NoSuchElementException: An element could not be located on the page using the given search parameters. (WARNING: The server did not provide any stacktrace information)
Command duration or timeout: 10.22 seconds
For documentation on this error, please visit: http://seleniumhq.org/exceptions/no_such_element.html
Build info: version: '2.50.1', revision: 'd7fc91b', time: '2016-01-29 19:08:26'
System info: host: 'MS-20170527WBQB', ip: '192.168.3.66', os.name: 'Windows 7', os.arch: 'x86', os.version: '6.1', java.version: '1.7.0_80'
*** Element info: {Using=name, value=备份报告}
Session ID: 9c72e8a9-018b-44e4-8cbb-b4280653f1e9
Driver info: io.appium.java_client.android.AndroidDriver
Capabilities [{platform=LINUX, app=E:\eclipse\workspace\HelloAppium\app\Album_netease.apk, javascriptEnabled=true, browserName=Android, networkConnectionEnabled=true, udid=SGSO5HRCINJ77T5L, desired={app=E:\eclipse\workspace\HelloAppium\app\Album_netease.apk, platformVersion=6.0, deviceName=Nexus, platformName=Android, unicodeKeyboard=true, resetKeyboard=true, udid=SGSO5HRCINJ77T5L}, locationContextEnabled=false, platformVersion=6.0, databaseEnabled=false, deviceName=SGSO5HRCINJ77T5L, platformName=Android, webStorageEnabled=false, unicodeKeyboard=true, resetKeyboard=true, warnings={}, takesScreenshot=true}]
	at sun.reflect.NativeConstructorAccessorImpl.newInstance0(Native Method)
	at sun.reflect.NativeConstructorAccessorImpl.newInstance(Unknown Source)
	at sun.reflect.DelegatingConstructorAccessorImpl.newInstance(Unknown Source)
	at java.lang.reflect.Constructor.newInstance(Unknown Source)
	at org.openqa.selenium.remote.ErrorHandler.createThrowable(ErrorHandler.java:206)
	at org.openqa.selenium.remote.ErrorHandler.throwIfResponseFailed(ErrorHandler.java:158)
	at org.openqa.selenium.remote.RemoteWebDriver.execute(RemoteWebDriver.java:678)
	at io.appium.java_client.DefaultGenericMobileDriver.execute(DefaultGenericMobileDriver.java:42)
	at io.appium.java_client.AppiumDriver.execute(AppiumDriver.java:1)
	at io.appium.java_client.android.AndroidDriver.execute(AndroidDriver.java:1)
	at org.openqa.selenium.remote.RemoteWebDriver.findElement(RemoteWebDriver.java:363)
	at org.openqa.selenium.remote.RemoteWebDriver.findElementByName(RemoteWebDriver.java:461)
	at io.appium.java_client.DefaultGenericMobileDriver.findElementByName(DefaultGenericMobileDriver.java:102)
	at io.appium.java_client.AppiumDriver.findElementByName(AppiumDriver.java:1)
	at io.appium.java_client.android.AndroidDriver.findElementByName(AndroidDriver.java:1)
	at org.openqa.selenium.By$ByName.findElement(By.java:303)
	at org.openqa.selenium.remote.RemoteWebDriver.findElement(RemoteWebDriver.java:355)
	at io.appium.java_client.DefaultGenericMobileDriver.findElement(DefaultGenericMobileDriver.java:52)
	at io.appium.java_client.AppiumDriver.findElement(AppiumDriver.java:1)
	at io.appium.java_client.android.AndroidDriver.findElement(AndroidDriver.java:1)
	at org.openqa.selenium.support.ui.ExpectedConditions.findElement(ExpectedConditions.java:911)
	at org.openqa.selenium.support.ui.ExpectedConditions.access$0(ExpectedConditions.java:909)
	at org.openqa.selenium.support.ui.ExpectedConditions$6.apply(ExpectedConditions.java:181)
	at org.openqa.selenium.support.ui.ExpectedConditions$6.apply(ExpectedConditions.java:1)
	at org.openqa.selenium.support.ui.FluentWait.until(FluentWait.java:238)
	... 25 more
]]>
    </failure>
  </testcase> <!-- firstDemo -->
</testsuite> <!-- Default test -->
